<?xml version="1.0" encoding="UTF-8"?>
<!-- Generated by org.testng.reporters.JUnitReportReporter -->
<testsuite hostname="explpt291" failures="0" tests="2" name="com.automation.testcases.word.DocHomeWordFileTest" time="407.526" errors="0" timestamp="12 Jul 2022 09:42:06 GMT" skipped="0">
  <testcase classname="com.automation.testcases.word.DocHomeWordFileTest" name="verifyModuleIconWordFile" time="223.461"/>
  <testcase classname="com.automation.testcases.word.DocHomeWordFileTest" name="verifyModuleIconWordFile" time="184.065"/>
</testsuite> <!-- com.automation.testcases.word.DocHomeWordFileTest -->
