<?xml version="1.0" encoding="UTF-8"?>
<!-- Generated by org.testng.reporters.JUnitReportReporter -->
<testsuite hostname="explpt291" failures="0" tests="2" name="com.automation.testcases.word.FileUsingOCMSaveAsGoogleDocTest" time="208.891" errors="0" timestamp="24 Jun 2022 11:20:44 GMT" skipped="0">
  <testcase classname="com.automation.testcases.word.FileUsingOCMSaveAsGoogleDocTest" name="verifyUsingOCMSaveAsGoogleDocWordFile" time="78.539"/>
  <testcase classname="com.automation.testcases.word.FileUsingOCMSaveAsGoogleDocTest" name="verifyUsingOCMSaveAsGoogleDocWordFile" time="130.352"/>
</testsuite> <!-- com.automation.testcases.word.FileUsingOCMSaveAsGoogleDocTest -->
